<?xml version="1.0" encoding="UTF-8"?>
<!-- Generated by org.testng.reporters.JUnitReportReporter -->
<testsuite hostname="Praveens-MacBook-Air.local" failures="0" tests="1" name="com.BasicMaven.testCases.TC_AddCustomerTest_003" time="13.345" errors="0" timestamp="2024-09-11T23:53:08 IST" skipped="0">
  <testcase classname="com.BasicMaven.testCases.TC_AddCustomerTest_003" name="addNewCustomer" time="13.345"/>
</testsuite> <!-- com.BasicMaven.testCases.TC_AddCustomerTest_003 -->
